This file contains any messages produced by compilers while
running configure, to aid debugging if configure makes a mistake.

It was created by Charliecloud configure 0.34, which was
generated by GNU Autoconf 2.69.  Invocation command line was

  $ ./configure 

## --------- ##
## Platform. ##
## --------- ##

hostname = node31
uname -m = x86_64
uname -r = 4.19.0-25-amd64
uname -s = Linux
uname -v = #1 SMP Debian 4.19.289-2 (2023-08-08)

/usr/bin/uname -p = unknown
/bin/uname -X     = unknown

/bin/arch              = x86_64
/usr/bin/arch -k       = unknown
/usr/convex/getsysinfo = unknown
/usr/bin/hostinfo      = unknown
/bin/machine           = unknown
/usr/bin/oslevel       = unknown
/bin/universe          = unknown

PATH: /home/martinak/.sdkman/candidates/java/current/bin
PATH: /nadata/cjc/home/martinak/.vscode-server/bin/abd2f3db4bdb28f9e95536dfa84d8479f1eb312d/bin/remote-cli
PATH: /home/martinak/anaconda3/envs/WLMT/bin
PATH: /home/martinak/anaconda3/bin
PATH: /home/martinak/anaconda3/condabin
PATH: /usr/local/bin
PATH: /usr/bin
PATH: /bin
PATH: /usr/bin/X11
PATH: /usr/local/bin
PATH: /usr/bin
PATH: /bin
PATH: /usr/games
PATH: /var/cfengine/bin
PATH: /cjc/miel/martin/WLMT-recapitulation/hisat2
PATH: /cjc/miel/martin/WLMT-recapitulation/samtools
PATH: /cjc/miel/martin/WLMT-recapitulation/FastQC
PATH: /cjc/miel/martin/WLMT-recapitulation/sratoolkit.3.0.7-centos_linux64/bin
PATH: /cjc/miel/martin/WLMT-recapitulation/hisat2
PATH: /cjc/miel/martin/WLMT-recapitulation/samtools
PATH: /cjc/miel/martin/WLMT-recapitulation/FastQC
PATH: /cjc/miel/martin/WLMT-recapitulation/sratoolkit.3.0.7-centos_linux64/bin
PATH: /cjc/miel/martin/WLMT-recapitulation/hisat2
PATH: /cjc/miel/martin/WLMT-recapitulation/samtools
PATH: /cjc/miel/martin/WLMT-recapitulation/FastQC
PATH: /cjc/miel/martin/WLMT-recapitulation/sratoolkit.3.0.7-centos_linux64/bin
PATH: /cjc/miel/martin/WLMT-recapitulation
PATH: /cjc/miel/martin/WLMT-recapitulation/hisat2
PATH: /cjc/miel/martin/WLMT-recapitulation/samtools
PATH: /cjc/miel/martin/WLMT-recapitulation/FastQC
PATH: /cjc/miel/martin/WLMT-recapitulation/sratoolkit.3.0.7-centos_linux64/bin
PATH: /cjc/miel/martin/WLMT-recapitulation/Bismark-0.24.2


## ----------- ##
## Core tests. ##
## ----------- ##

configure:2151: checking build system type
configure:2165: result: x86_64-pc-linux-gnu
configure:2185: checking host system type
configure:2198: result: x86_64-pc-linux-gnu
configure:2218: checking target system type
configure:2231: result: x86_64-pc-linux-gnu
configure:2281: checking whether to enable maintainer-specific portions of Makefiles
configure:2290: result: no
configure:2340: checking for a BSD-compatible install
configure:2408: result: /home/martinak/anaconda3/envs/WLMT/bin/install -c
configure:2419: checking whether build environment is sane
configure:2474: result: yes
configure:2618: checking for a thread-safe mkdir -p
configure:2657: result: install -d -m 0755
configure:2664: checking for gawk
configure:2680: found /usr/bin/gawk
configure:2691: result: gawk
configure:2702: checking whether make sets $(MAKE)
configure:2724: result: yes
configure:2753: checking whether make supports nested variables
configure:2770: result: yes
configure:3134: checking for gcc
configure:3150: found /usr/bin/gcc
configure:3161: result: gcc
configure:3390: checking for C compiler version
configure:3399: gcc --version >&5
gcc (Debian 8.3.0-6) 8.3.0
Copyright (C) 2018 Free Software Foundation, Inc.
This is free software; see the source for copying conditions.  There is NO
warranty; not even for MERCHANTABILITY or FITNESS FOR A PARTICULAR PURPOSE.

configure:3410: $? = 0
configure:3399: gcc -v >&5
Using built-in specs.
COLLECT_GCC=gcc
COLLECT_LTO_WRAPPER=/usr/lib/gcc/x86_64-linux-gnu/8/lto-wrapper
OFFLOAD_TARGET_NAMES=nvptx-none
OFFLOAD_TARGET_DEFAULT=1
Target: x86_64-linux-gnu
Configured with: ../src/configure -v --with-pkgversion='Debian 8.3.0-6' --with-bugurl=file:///usr/share/doc/gcc-8/README.Bugs --enable-languages=c,ada,c++,go,brig,d,fortran,objc,obj-c++ --prefix=/usr --with-gcc-major-version-only --program-suffix=-8 --program-prefix=x86_64-linux-gnu- --enable-shared --enable-linker-build-id --libexecdir=/usr/lib --without-included-gettext --enable-threads=posix --libdir=/usr/lib --enable-nls --enable-bootstrap --enable-clocale=gnu --enable-libstdcxx-debug --enable-libstdcxx-time=yes --with-default-libstdcxx-abi=new --enable-gnu-unique-object --disable-vtable-verify --enable-libmpx --enable-plugin --enable-default-pie --with-system-zlib --with-target-system-zlib --enable-objc-gc=auto --enable-multiarch --disable-werror --with-arch-32=i686 --with-abi=m64 --with-multilib-list=m32,m64,mx32 --enable-multilib --with-tune=generic --enable-offload-targets=nvptx-none --without-cuda-driver --enable-checking=release --build=x86_64-linux-gnu --host=x86_64-linux-gnu --target=x86_64-linux-gnu
Thread model: posix
gcc version 8.3.0 (Debian 8.3.0-6) 
configure:3410: $? = 0
configure:3399: gcc -V >&5
gcc: error: unrecognized command line option '-V'
gcc: fatal error: no input files
compilation terminated.
configure:3410: $? = 1
configure:3399: gcc -qversion >&5
gcc: error: unrecognized command line option '-qversion'; did you mean '--version'?
gcc: fatal error: no input files
compilation terminated.
configure:3410: $? = 1
configure:3430: checking whether the C compiler works
configure:3452: gcc    conftest.c  >&5
configure:3456: $? = 0
configure:3504: result: yes
configure:3507: checking for C compiler default output file name
configure:3509: result: a.out
configure:3515: checking for suffix of executables
configure:3522: gcc -o conftest    conftest.c  >&5
configure:3526: $? = 0
configure:3548: result: 
configure:3570: checking whether we are cross compiling
configure:3578: gcc -o conftest    conftest.c  >&5
configure:3582: $? = 0
configure:3589: ./conftest
configure:3593: $? = 0
configure:3581: result: no
configure:3586: checking for suffix of object files
configure:3608: gcc -c   conftest.c >&5
configure:3612: $? = 0
configure:3633: result: o
configure:3637: checking whether we are using the GNU C compiler
configure:3656: gcc -c   conftest.c >&5
configure:3656: $? = 0
configure:3665: result: yes
configure:3674: checking whether gcc accepts -g
configure:3694: gcc -c -g  conftest.c >&5
configure:3694: $? = 0
configure:3735: result: yes
configure:3752: checking for gcc option to accept ISO C89
configure:3815: gcc  -c -g -O2  conftest.c >&5
configure:3815: $? = 0
configure:3828: result: none needed
configure:3853: checking whether gcc understands -c and -o together
configure:3875: gcc -c conftest.c -o conftest2.o
configure:3878: $? = 0
configure:3875: gcc -c conftest.c -o conftest2.o
configure:3878: $? = 0
configure:3890: result: yes
configure:3910: checking whether make supports the include directive
configure:3925: make -f confmf.GNU && cat confinc.out
this is the am__doit target
configure:3928: $? = 0
configure:3947: result: yes (GNU style)
configure:3972: checking dependency style of gcc
configure:4083: result: gcc3
configure:4113: checking whether C compiler accepts -std=c99 -Wall -Werror
configure:4132: gcc -c -g -O2  -std=c99 -Wall -Werror  conftest.c >&5
configure:4132: $? = 0
configure:4141: result: yes
configure:4172: checking for asprintf in libc
configure:4190: gcc -c -g -O2 -std=c99 -Wall -Werror  conftest.c >&5
configure:4190: $? = 0
configure:4191: result: yes
configure:4201: checking for argp_parse in libc
configure:4215: gcc -o conftest -g -O2 -std=c99 -Wall -Werror   conftest.c  >&5
configure:4215: $? = 0
configure:4216: result: yes
configure:4269: checking for a sed that does not truncate output
configure:4333: result: /usr/bin/sed
configure:4343: checking how to run the C preprocessor
configure:4374: gcc -E  conftest.c
configure:4374: $? = 0
configure:4388: gcc -E  conftest.c
conftest.c:11:10: fatal error: ac_nonexistent.h: No such file or directory
 #include <ac_nonexistent.h>
          ^~~~~~~~~~~~~~~~~~
compilation terminated.
configure:4388: $? = 1
configure: failed program was:
| /* confdefs.h */
| #define PACKAGE_NAME "Charliecloud"
| #define PACKAGE_TARNAME "charliecloud"
| #define PACKAGE_VERSION "0.34"
| #define PACKAGE_STRING "Charliecloud 0.34"
| #define PACKAGE_BUGREPORT "https://github.com/hpc/charliecloud"
| #define PACKAGE_URL ""
| #define PACKAGE "charliecloud"
| #define VERSION "0.34"
| /* end confdefs.h.  */
| #include <ac_nonexistent.h>
configure:4413: result: gcc -E
configure:4433: gcc -E  conftest.c
configure:4433: $? = 0
configure:4447: gcc -E  conftest.c
conftest.c:11:10: fatal error: ac_nonexistent.h: No such file or directory
 #include <ac_nonexistent.h>
          ^~~~~~~~~~~~~~~~~~
compilation terminated.
configure:4447: $? = 1
configure: failed program was:
| /* confdefs.h */
| #define PACKAGE_NAME "Charliecloud"
| #define PACKAGE_TARNAME "charliecloud"
| #define PACKAGE_VERSION "0.34"
| #define PACKAGE_STRING "Charliecloud 0.34"
| #define PACKAGE_BUGREPORT "https://github.com/hpc/charliecloud"
| #define PACKAGE_URL ""
| #define PACKAGE "charliecloud"
| #define VERSION "0.34"
| /* end confdefs.h.  */
| #include <ac_nonexistent.h>
configure:4476: checking for grep that handles long lines and -e
configure:4534: result: /usr/bin/grep
configure:4539: checking for egrep
configure:4601: result: /usr/bin/grep -E
configure:4765: checking whether gcc is Clang
configure:4790: result: no
configure:4852: checking whether pthreads work with "-pthread" and "-lpthread"
configure:4957: gcc -o conftest -g -O2 -std=c99 -Wall -Werror -pthread   conftest.c -lpthread  >&5
configure:4957: $? = 0
configure:4966: result: yes
configure:5083: checking for joinable pthread attribute
configure:5101: gcc -o conftest -g -O2 -std=c99 -Wall -Werror -pthread   conftest.c -lpthread  >&5
configure:5101: $? = 0
configure:5109: result: PTHREAD_CREATE_JOINABLE
configure:5123: checking whether more special flags are required for pthreads
configure:5136: result: no
configure:5144: checking for PTHREAD_PRIO_INHERIT
configure:5161: gcc -o conftest -g -O2 -std=c99 -Wall -Werror -pthread   conftest.c -lpthread  >&5
configure:5161: $? = 0
configure:5170: result: yes
configure:5332: checking for shm_open in -lrt
configure:5357: gcc -o conftest -g -O2 -std=c99 -Wall -Werror   conftest.c -lrt   >&5
configure:5357: $? = 0
configure:5366: result: yes
configure:5378: checking if in chroot
configure:5386: result: no
configure:5388: checking if user+mount namespaces work
configure:5408: gcc -o conftest -g -O2 -std=c99 -Wall -Werror   conftest.c  >&5
configure:5408: $? = 0
configure:5408: ./conftest
configure:5408: $? = 1
configure: program exited with status 1
configure: failed program was:
| /* confdefs.h */
| #define PACKAGE_NAME "Charliecloud"
| #define PACKAGE_TARNAME "charliecloud"
| #define PACKAGE_VERSION "0.34"
| #define PACKAGE_STRING "Charliecloud 0.34"
| #define PACKAGE_BUGREPORT "https://github.com/hpc/charliecloud"
| #define PACKAGE_URL ""
| #define PACKAGE "charliecloud"
| #define VERSION "0.34"
| #define HAVE_PTHREAD_PRIO_INHERIT 1
| #define HAVE_PTHREAD 1
| /* end confdefs.h.  */
| 
|     #define _GNU_SOURCE
|     #include <sched.h>
| 
|     int main(void)
|     {
|        if (unshare(CLONE_NEWNS|CLONE_NEWUSER))
|           return 1;  // syscall failed
|        else
|           return 0;  // syscall succeeded
|     }
| 
configure:5417: result: no
configure:5424: checking whether FNM_EXTMATCH is declared
configure:5424: gcc -c -g -O2 -std=c99 -Wall -Werror  conftest.c >&5
configure:5424: $? = 0
configure:5424: result: yes
configure:5435: checking for seccomp filter support
configure:5463: gcc -o conftest -g -O2 -std=c99 -Wall -Werror   conftest.c  >&5
configure:5463: $? = 0
configure:5463: ./conftest
configure:5463: $? = 0
configure:5464: result: yes
configure:5500: checking for mksquashfs
configure:5530: result: no
configure:5622: checking for squashfuse
configure:5652: result: no
configure:5741: checking for fuse_set_signal_handlers in -lfuse3
configure:5766: gcc -o conftest -g -O2 -std=c99 -Wall -Werror   conftest.c -lfuse3   >&5
/usr/bin/ld: cannot find -lfuse3
collect2: error: ld returned 1 exit status
configure:5766: $? = 1
configure: failed program was:
| /* confdefs.h */
| #define PACKAGE_NAME "Charliecloud"
| #define PACKAGE_TARNAME "charliecloud"
| #define PACKAGE_VERSION "0.34"
| #define PACKAGE_STRING "Charliecloud 0.34"
| #define PACKAGE_BUGREPORT "https://github.com/hpc/charliecloud"
| #define PACKAGE_URL ""
| #define PACKAGE "charliecloud"
| #define VERSION "0.34"
| #define HAVE_PTHREAD_PRIO_INHERIT 1
| #define HAVE_PTHREAD 1
| /* end confdefs.h.  */
| 
| /* Override any GCC internal prototype to avoid an error.
|    Use char because int might match the return type of a GCC
|    builtin and then its argument prototype would still apply.  */
| #ifdef __cplusplus
| extern "C"
| #endif
| char fuse_set_signal_handlers ();
| int
| main ()
| {
| return fuse_set_signal_handlers ();
|   ;
|   return 0;
| }
configure:5775: result: no
configure:5785: checking for sqfs_ll_mount in -lsquashfuse_ll
configure:5810: gcc -o conftest -g -O2 -std=c99 -Wall -Werror   conftest.c -lsquashfuse_ll   >&5
/usr/bin/ld: cannot find -lsquashfuse_ll
collect2: error: ld returned 1 exit status
configure:5810: $? = 1
configure: failed program was:
| /* confdefs.h */
| #define PACKAGE_NAME "Charliecloud"
| #define PACKAGE_TARNAME "charliecloud"
| #define PACKAGE_VERSION "0.34"
| #define PACKAGE_STRING "Charliecloud 0.34"
| #define PACKAGE_BUGREPORT "https://github.com/hpc/charliecloud"
| #define PACKAGE_URL ""
| #define PACKAGE "charliecloud"
| #define VERSION "0.34"
| #define HAVE_PTHREAD_PRIO_INHERIT 1
| #define HAVE_PTHREAD 1
| /* end confdefs.h.  */
| 
| /* Override any GCC internal prototype to avoid an error.
|    Use char because int might match the return type of a GCC
|    builtin and then its argument prototype would still apply.  */
| #ifdef __cplusplus
| extern "C"
| #endif
| char sqfs_ll_mount ();
| int
| main ()
| {
| return sqfs_ll_mount ();
|   ;
|   return 0;
| }
configure:5819: result: no
configure:5827: checking for squashfuse/ll.h
configure:5827: gcc -c -g -O2 -std=c99 -Wall -Werror  conftest.c >&5
conftest.c:17:10: fatal error: squashfuse/ll.h: No such file or directory
 #include <squashfuse/ll.h>
          ^~~~~~~~~~~~~~~~~
compilation terminated.
configure:5827: $? = 1
configure: failed program was:
| /* confdefs.h */
| #define PACKAGE_NAME "Charliecloud"
| #define PACKAGE_TARNAME "charliecloud"
| #define PACKAGE_VERSION "0.34"
| #define PACKAGE_STRING "Charliecloud 0.34"
| #define PACKAGE_BUGREPORT "https://github.com/hpc/charliecloud"
| #define PACKAGE_URL ""
| #define PACKAGE "charliecloud"
| #define VERSION "0.34"
| #define HAVE_PTHREAD_PRIO_INHERIT 1
| #define HAVE_PTHREAD 1
| /* end confdefs.h.  */
| #define SQFS_CONFIG_H
|    #define FUSE_USE_VERSION 32
| 
| 
| #include <squashfuse/ll.h>
configure:5827: result: no
configure:5872: checking if "/usr/bin/env python3" starts with slash
configure:5876: result: ok
configure:5893: checking for python3
configure:5909: found /home/martinak/anaconda3/envs/WLMT/bin/python3
configure:5920: result: python3
configure:5953: checking if python3 version >= 3.6
configure:5991: result: ok (3.7.12)
configure:6019: checking for requests module
configure:6033: result: yes
configure:6056: checking if python3 version >= 2.6.0
configure:6094: result: ok (2.31.0)
configure:6123: checking for bundled Lark module
configure:6130: result: bundled
configure:6141: checking for git
configure:6157: found /usr/bin/git
configure:6168: result: git
configure:6197: checking if git version >= 2.28.1
configure:6241: result: too old (2.20.1)
configure:6263: checking for dot
configure:6279: found /usr/bin/dot
configure:6290: result: dot
configure:6319: checking if dot version >= 2.30.1
configure:6357: result: ok (2.40.1)
configure:6385: checking for git2dot.py
configure:6415: result: no
configure:6520: checking whether sphinx-build executable path has been provided
configure:6586: result: no
configure:6590: checking for sphinx-build
configure:6608: found /home/martinak/anaconda3/bin/sphinx-build
configure:6620: result: /home/martinak/anaconda3/bin/sphinx-build
configure:6647: checking if /home/martinak/anaconda3/bin/sphinx-build is executable
configure:6650: result: ok
configure:6660: checking if /home/martinak/anaconda3/bin/sphinx-build version >= 1.2.3
configure:6698: result: ok (4.4.0)
configure:6727: checking for sphinx-build Python
configure:6730: result: /home/martinak/anaconda3/bin/python3.9
configure:6732: checking if "/home/martinak/anaconda3/bin/python3.9" starts with slash
configure:6736: result: ok
configure:6765: checking if /home/martinak/anaconda3/bin/python3.9 is executable
configure:6768: result: ok
configure:6778: checking if /home/martinak/anaconda3/bin/python3.9 version >= 0.14
configure:6816: result: ok (0.17.1)
configure:6848: checking for sphinx_rtd_theme module
configure:6862: result: no
configure:6961: WARNING: forcing --disable-html: no suitable sphinx-build
configure:6966: WARNING: forcing --disable-man: no suitable sphinx-build
configure:6978: checking for buildah
configure:7008: result: no
configure:7100: checking for docker
configure:7130: result: no
configure:7221: checking for mktemp
configure:7237: found /home/martinak/anaconda3/envs/WLMT/bin/mktemp
configure:7248: result: mktemp
configure:7261: checking for nvidia-container-cli
configure:7291: result: no
configure:7378: checking for nVidia libraries & executables
configure:7389: result: no
configure:7399: checking for bash
configure:7415: found /usr/bin/bash
configure:7426: result: bash
configure:7455: checking if bash version >= 4.1
configure:7493: result: ok (5.0.3(1)-release)
configure:7521: checking for bats
configure:7551: result: no
configure:7643: checking for shellcheck
configure:7673: result: no
configure:7777: checking for wget
configure:7793: found /home/martinak/anaconda3/bin/wget
configure:7804: result: wget
configure:7833: checking if wget version >= 1.11
configure:7871: result: ok (1.21.3)
configure:8263: checking that generated files are newer than configure
configure:8269: result: done
configure:8316: creating ./config.status

## ---------------------- ##
## Running config.status. ##
## ---------------------- ##

This file was extended by Charliecloud config.status 0.34, which was
generated by GNU Autoconf 2.69.  Invocation command line was

  CONFIG_FILES    = 
  CONFIG_HEADERS  = 
  CONFIG_LINKS    = 
  CONFIG_COMMANDS = 
  $ ./config.status 

on node31

config.status:918: creating Makefile
config.status:918: creating bin/Makefile
config.status:918: creating doc/Makefile
config.status:918: creating examples/Makefile
config.status:918: creating lib/Makefile
config.status:918: creating misc/Makefile
config.status:918: creating packaging/Makefile
config.status:918: creating test/Makefile
config.status:918: creating bin/config.h
config.status:1147: executing depfiles commands
config.status:1224: cd bin       && sed -e '/# am--include-marker/d' Makefile         | make -f - am--depfiles
config.status:1229: $? = 0
configure:9799:

Dependencies report
===================

Below is a summary of configure's findings.

Caveats
~~~~~~~

Charliecloud's run-time dependencies are lazy; features just try to use their
dependencies and error if there's a problem. This report summarizes what
configure found on *this system*, because that's often useful, but none of the
run-time findings change what is built and installed.

Listed versions are minimums. These are a bit fuzzy. Try it even if configure
thinks a version is too old, and please report back to us.

Building Charliecloud
~~~~~~~~~~~~~~~~~~~~~

  will build and install:
    ch-image(1) ... yes
    HTML documentation ... no
    man pages ... no
    syslog ... yes
    test suite ... yes

  required:
    C99 compiler ... gcc 

  optional:
    extended glob patterns in --unset-env ... yes

  ch-run(1) internal SquashFS mounting: no
    enabled ... yes
    libfuse3 ... no
    libsquashfuse_ll ... no
    ll.h header ... no

  fake system calls with seccomp(2): yes
    enabled ... if tested working
    tested working ... yes

  documentation: no
    sphinx-build(1) ≥ 1.2.3 ... ok (4.4.0)
    sphinx-build(1) Python ... /home/martinak/anaconda3/bin/python3.9
    "docutils" module ≥ 0.14 ... ok (0.17.1)
    "sphinx-rtd-theme" module ≥ 0.2.4 ... not found

Building images
~~~~~~~~~~~~~~~

  with Buildah (warning: not tested; see issue #990): no
    Buildah ≥ 1.11.2 ... not found

  with ch-image(1): no
    enabled ... yes
    Python shebang line ... /usr/bin/env python3
    Python in shebang ≥ 3.6 ... ok (3.7.12)
    "lark" module ... bundled
    "requests" module ≥ 2.6.0 ... ok (2.31.0)
    ch-run(1) ... no

  with ch-image(1) using build cache: no
    ch-image(1): ... no
    Git ≥ 2.28.1 ... too old (2.20.1)

  with Docker: no
    Docker ≥ 17.03 ... not found
    mktemp(1) ... mktemp

Managing container images
~~~~~~~~~~~~~~~~~~~~~~~~~

  build from Dockerfile: no
    at least one builder ... no
    access to an image repository ... assumed yes

  pack images from builder storage to tarball: no
    at least one builder ... no

  pack images from builder storage to SquashFS: no
    at least one builder ... no
    mksquashfs(1) ≥ 4.2 ... not found

  Note: Pulling/pushing images from/to a repository is currently done using
  the builder directly.

Running containers
~~~~~~~~~~~~~~~~~~

  ch-run(1): no
    user+mount namespaces ... no

  run SquashFS images: no
    manual mount with SquashFUSE ≥ 0.1.100 ... not found
    internal mount with libsquashfuse ... no

  inject nVidia GPU libraries: no
    nvidia-container-cli(1) ≥ 1.0.0 ... not found
    nVidia libraries & executables present ... no

Test suite
~~~~~~~~~~

  basic tests, all stages: no
    test suite enabled ... yes
    ch-run(1) ... no
    any builder above ... no
    access to Docker Hub or mirror ... assumed yes
    Bats ≥ 1.2.0 ... not found
    Bash ≥ 4.1 ... ok (5.0.3(1)-release)
    wget(1) ≥ 1.11 ... ok (1.21.3)

  more complete tests: no
    basic tests ... no
    documentation built ... no
    ShellCheck ≥ 0.9.0 ... not found
    generic sudo ... assumed yes

  debugging tests: no
    more tests ... no
    DOT ≥ 2.30.1 ... ok (2.40.1)
    git2dot ≥ 0.8.3 ... not found

  recommended tests, tar-unpack mode: no
    basic tests ... no
    more tests ... no

  recommended tests, squash-unpack mode: no
    basic tests ... no
    more tests ... no
    pack/unpack SquashFS images ... no

  recommended tests, squash-mount mode: no
    recommended, squash-unpack mode: no
    internal SquashFS mounting ... no


## ---------------- ##
## Cache variables. ##
## ---------------- ##

ac_cv_build=x86_64-pc-linux-gnu
ac_cv_c_compiler_gnu=yes
ac_cv_env_CC_set=
ac_cv_env_CC_value=
ac_cv_env_CFLAGS_set=
ac_cv_env_CFLAGS_value=
ac_cv_env_CPPFLAGS_set=
ac_cv_env_CPPFLAGS_value=
ac_cv_env_CPP_set=
ac_cv_env_CPP_value=
ac_cv_env_LDFLAGS_set=
ac_cv_env_LDFLAGS_value=
ac_cv_env_LIBS_set=
ac_cv_env_LIBS_value=
ac_cv_env_SPHINX_set=
ac_cv_env_SPHINX_value=
ac_cv_env_build_alias_set=
ac_cv_env_build_alias_value=
ac_cv_env_host_alias_set=
ac_cv_env_host_alias_value=
ac_cv_env_target_alias_set=
ac_cv_env_target_alias_value=
ac_cv_have_decl_FNM_EXTMATCH=yes
ac_cv_header_squashfuse_ll_h=no
ac_cv_host=x86_64-pc-linux-gnu
ac_cv_lib_fuse3_fuse_set_signal_handlers=no
ac_cv_lib_rt_shm_open=yes
ac_cv_lib_squashfuse_ll_sqfs_ll_mount=no
ac_cv_objext=o
ac_cv_path_EGREP='/usr/bin/grep -E'
ac_cv_path_GREP=/usr/bin/grep
ac_cv_path_SED=/usr/bin/sed
ac_cv_path_SPHINX=/home/martinak/anaconda3/bin/sphinx-build
ac_cv_path_install='/home/martinak/anaconda3/envs/WLMT/bin/install -c'
ac_cv_prog_AWK=gawk
ac_cv_prog_CPP='gcc -E'
ac_cv_prog_DOT=dot
ac_cv_prog_GIT=git
ac_cv_prog_MKTEMP=mktemp
ac_cv_prog_PYTHON=python3
ac_cv_prog_WGET=wget
ac_cv_prog__BASH=bash
ac_cv_prog_ac_ct_CC=gcc
ac_cv_prog_cc_c89=
ac_cv_prog_cc_g=yes
ac_cv_prog_make_make_set=yes
ac_cv_target=x86_64-pc-linux-gnu
am_cv_CC_dependencies_compiler_type=gcc3
am_cv_make_support_nested_variables=yes
am_cv_prog_cc_c_o=yes
ax_cv_PTHREAD_CLANG=no
ax_cv_PTHREAD_JOINABLE_ATTR=PTHREAD_CREATE_JOINABLE
ax_cv_PTHREAD_PRIO_INHERIT=yes
ax_cv_PTHREAD_SPECIAL_FLAGS=no
ax_cv_check_cflags___std_c99__Wall__Werror=yes

## ----------------- ##
## Output variables. ##
## ----------------- ##

ACLOCAL='${SHELL} '\''/cjc/miel/martin/WLMT-recapitulation/charliecloud-0.34/build-aux/missing'\'' aclocal-1.16'
AMDEPBACKSLASH='\'
AMDEP_FALSE='#'
AMDEP_TRUE=''
AMTAR='$${TAR-tar}'
AM_BACKSLASH='\'
AM_DEFAULT_V='$(AM_DEFAULT_VERBOSITY)'
AM_DEFAULT_VERBOSITY='1'
AM_V='$(V)'
AUTOCONF='${SHELL} '\''/cjc/miel/martin/WLMT-recapitulation/charliecloud-0.34/build-aux/missing'\'' autoconf'
AUTOHEADER='${SHELL} '\''/cjc/miel/martin/WLMT-recapitulation/charliecloud-0.34/build-aux/missing'\'' autoheader'
AUTOMAKE='${SHELL} '\''/cjc/miel/martin/WLMT-recapitulation/charliecloud-0.34/build-aux/missing'\'' automake-1.16'
AWK='gawk'
BATS=''
BATS_VERSION_NOTE='not found'
BUILDAH=''
BUILDAH_VERSION_NOTE='not found'
CC='gcc'
CCDEPMODE='depmode=gcc3'
CFLAGS='-g -O2 -std=c99 -Wall -Werror'
CH_RUN_LIBS='-lrt '
CPP='gcc -E'
CPPFLAGS=''
CYGPATH_W='echo'
DEFS='-DHAVE_CONFIG_H'
DEPDIR='.deps'
DOCKER=''
DOCKER_VERSION_NOTE='not found'
DOCUTILS_VERSION_NOTE='ok (0.17.1)'
DOT='dot'
DOT_VERSION_NOTE='ok (2.40.1)'
ECHO_C=''
ECHO_N='-n'
ECHO_T=''
EGREP='/usr/bin/grep -E'
ENABLE_CH_IMAGE_FALSE='#'
ENABLE_CH_IMAGE_TRUE=''
ENABLE_HTML_FALSE=''
ENABLE_HTML_TRUE='#'
ENABLE_LARK_FALSE='#'
ENABLE_LARK_TRUE=''
ENABLE_MAN_FALSE=''
ENABLE_MAN_TRUE='#'
ENABLE_TEST_FALSE='#'
ENABLE_TEST_TRUE=''
EXEEXT=''
GIT2DOT=''
GIT2DOT_VERSION_NOTE='not found'
GIT=''
GIT_VERSION_NOTE='too old (2.20.1)'
GREP='/usr/bin/grep'
HAVE_LIBSQUASHFUSE_FALSE=''
HAVE_LIBSQUASHFUSE_TRUE='#'
INSTALL_DATA='${INSTALL} -m 644'
INSTALL_PROGRAM='${INSTALL}'
INSTALL_SCRIPT='${INSTALL}'
INSTALL_STRIP_PROGRAM='$(install_sh) -c -s'
LDFLAGS=''
LIBOBJS=''
LIBS=''
LTLIBOBJS=''
MAINT='#'
MAINTAINER_MODE_FALSE=''
MAINTAINER_MODE_TRUE='#'
MAKEINFO='${SHELL} '\''/cjc/miel/martin/WLMT-recapitulation/charliecloud-0.34/build-aux/missing'\'' makeinfo'
MKDIR_P='install -d -m 0755'
MKSQUASHFS=''
MKSQUASHFS_VERSION_NOTE='not found'
MKTEMP='mktemp'
NVIDIA_CLI=''
NVIDIA_CLI_VERSION_NOTE='not found'
OBJEXT='o'
PACKAGE='charliecloud'
PACKAGE_BUGREPORT='https://github.com/hpc/charliecloud'
PACKAGE_NAME='Charliecloud'
PACKAGE_STRING='Charliecloud 0.34'
PACKAGE_TARNAME='charliecloud'
PACKAGE_URL=''
PACKAGE_VERSION='0.34'
PATH_SEPARATOR=':'
PTHREAD_CC='gcc'
PTHREAD_CFLAGS='-pthread'
PTHREAD_CXX=''
PTHREAD_LIBS='-lpthread'
PYTHON='python3'
PYTHON_SHEBANG='/usr/bin/env python3'
PYTHON_VERSION_NOTE='ok (3.7.12)'
REQUESTS_VERSION_NOTE='ok (2.31.0)'
RTD_VERSION_NOTE='not found'
SED='/usr/bin/sed'
SET_MAKE=''
SHELL='/bin/bash'
SHELLCHECK=''
SHELLCHECK_VERSION_NOTE='not found'
SPHINX='/home/martinak/anaconda3/bin/sphinx-build'
SPHINX_VERSION_NOTE='ok (4.4.0)'
SQUASHFUSE=''
SQUASHFUSE_VERSION_NOTE='not found'
STRIP=''
VERSION='0.34'
WGET='wget'
WGET_VERSION_NOTE='ok (1.21.3)'
_BASH='bash'
_BASH_VERSION_NOTE='ok (5.0.3(1)-release)'
ac_ct_CC='gcc'
am__EXEEXT_FALSE=''
am__EXEEXT_TRUE='#'
am__fastdepCC_FALSE='#'
am__fastdepCC_TRUE=''
am__include='include'
am__isrc=''
am__leading_dot='.'
am__nodep='_no'
am__quote=''
am__tar='$${TAR-tar} chof - "$$tardir"'
am__untar='$${TAR-tar} xf -'
ax_pthread_config=''
bindir='${exec_prefix}/bin'
build='x86_64-pc-linux-gnu'
build_alias=''
build_cpu='x86_64'
build_os='linux-gnu'
build_vendor='pc'
datadir='${datarootdir}'
datarootdir='${prefix}/share'
docdir='${datarootdir}/doc/${PACKAGE_TARNAME}'
dvidir='${docdir}'
exec_prefix='${prefix}'
host='x86_64-pc-linux-gnu'
host_alias=''
host_cpu='x86_64'
host_os='linux-gnu'
host_vendor='pc'
htmldir='${docdir}'
includedir='${prefix}/include'
infodir='${datarootdir}/info'
install_sh='${SHELL} /cjc/miel/martin/WLMT-recapitulation/charliecloud-0.34/build-aux/install-sh'
libdir='${exec_prefix}/lib'
libexecdir='${exec_prefix}/libexec'
localedir='${datarootdir}/locale'
localstatedir='${prefix}/var'
mandir='${datarootdir}/man'
mkdir_p='$(MKDIR_P)'
oldincludedir='/usr/include'
pdfdir='${docdir}'
prefix='/usr/local'
program_transform_name='s,x,x,'
psdir='${docdir}'
runstatedir='${localstatedir}/run'
sbindir='${exec_prefix}/sbin'
sharedstatedir='${prefix}/com'
sysconfdir='${prefix}/etc'
target='x86_64-pc-linux-gnu'
target_alias=''
target_cpu='x86_64'
target_os='linux-gnu'
target_vendor='pc'

## ----------- ##
## confdefs.h. ##
## ----------- ##

/* confdefs.h */
#define PACKAGE_NAME "Charliecloud"
#define PACKAGE_TARNAME "charliecloud"
#define PACKAGE_VERSION "0.34"
#define PACKAGE_STRING "Charliecloud 0.34"
#define PACKAGE_BUGREPORT "https://github.com/hpc/charliecloud"
#define PACKAGE_URL ""
#define PACKAGE "charliecloud"
#define VERSION "0.34"
#define HAVE_PTHREAD_PRIO_INHERIT 1
#define HAVE_PTHREAD 1
#define ENABLE_SYSLOG 1
#define HAVE_FNM_EXTMATCH 1
#define HAVE_SECCOMP 1

configure: exit 0
